<?xml version="1.0" encoding="UTF-8"?>
<testng-results ignored="1" total="2" passed="1" failed="0" skipped="0">
  <reporter-output>
  </reporter-output>
  <suite started-at="2022-05-06T10:36:54 IST" name="Default suite" finished-at="2022-05-06T10:37:09 IST" duration-ms="15431">
    <groups>
    </groups>
    <test started-at="2022-05-06T10:36:54 IST" name="Default test" finished-at="2022-05-06T10:37:09 IST" duration-ms="15431">
      <class name="Test.ExtentReportTest">
        <test-method is-config="true" signature="setReports()[pri:0, instance:Test.ExtentReportTest@957e06]" started-at="2022-05-06T10:36:54 IST" name="setReports" finished-at="2022-05-06T10:36:55 IST" duration-ms="910" status="PASS">
          <reporter-output>
          </reporter-output>
        </test-method> <!-- setReports -->
        <test-method is-config="true" signature="launchBrowser()[pri:0, instance:Test.ExtentReportTest@957e06]" started-at="2022-05-06T10:36:55 IST" name="launchBrowser" finished-at="2022-05-06T10:37:05 IST" duration-ms="10300" status="PASS">
          <reporter-output>
          </reporter-output>
        </test-method> <!-- launchBrowser -->
        <test-method signature="loginWithCredentials()[pri:0, instance:Test.ExtentReportTest@957e06]" started-at="2022-05-06T10:37:05 IST" name="loginWithCredentials" finished-at="2022-05-06T10:37:08 IST" duration-ms="2930" status="PASS">
          <reporter-output>
          </reporter-output>
        </test-method> <!-- loginWithCredentials -->
        <test-method is-config="true" signature="captureResult(org.testng.ITestResult)[pri:0, instance:Test.ExtentReportTest@957e06]" started-at="2022-05-06T10:37:08 IST" name="captureResult" finished-at="2022-05-06T10:37:08 IST" duration-ms="18" status="PASS">
          <params>
            <param index="0">
              <value>
                <![CDATA[[TestResult name=loginWithCredentials status=SUCCESS method=ExtentReportTest.loginWithCredentials()[pri:0, instance:Test.ExtentReportTest@957e06] output={null}]]]>
              </value>
            </param>
          </params>
          <reporter-output>
          </reporter-output>
        </test-method> <!-- captureResult -->
        <test-method is-config="true" signature="flushResults()[pri:0, instance:Test.ExtentReportTest@957e06]" started-at="2022-05-06T10:37:08 IST" name="flushResults" finished-at="2022-05-06T10:37:09 IST" duration-ms="1155" status="PASS">
          <reporter-output>
          </reporter-output>
        </test-method> <!-- flushResults -->
      </class> <!-- Test.ExtentReportTest -->
    </test> <!-- Default test -->
  </suite> <!-- Default suite -->
</testng-results>
