<?xml version="1.0" encoding="UTF-8"?>
<!-- Generated by org.testng.reporters.JUnitXMLReporter -->
<testsuite ignored="1" hostname="DESKTOP-AND16HF" failures="0" tests="1" name="Default test" time="15.431" errors="0" timestamp="2022-05-06T10:37:09 IST">
  <testcase classname="Test.ExtentReportTest" name="loginWithCredentials" time="2.93"/>
  <testcase classname="Test.ExtentReportTest" name="ClickOnForgotPass" time="0.0">
    <ignored/>
  </testcase> <!-- ClickOnForgotPass -->
</testsuite> <!-- Default test -->
